2024-06-01 08:17:58 DEBUG BrowserUtil.getDriver():19 - testing
2024-06-01 08:17:58 DEBUG BrowserUtil.getDriver():21 - Browser value is null. Hence launching Firefix as default browser
2024-06-01 08:18:08 DEBUG BrowserUtil.getDriver():19 - testing
2024-06-01 08:18:08 DEBUG BrowserUtil.getDriver():21 - Browser value is null. Hence launching Firefix as default browser
2024-06-01 08:18:14 DEBUG BrowserUtil.getDriver():19 - testing
2024-06-01 08:18:14 DEBUG BrowserUtil.getDriver():21 - Browser value is null. Hence launching Firefix as default browser
2024-06-01 08:18:25 DEBUG BrowserUtil.getDriver():19 - testing
2024-06-01 08:18:25 DEBUG BrowserUtil.getDriver():21 - Browser value is null. Hence launching Firefix as default browser
2024-06-01 08:28:46 DEBUG BrowserUtil.getDriver():19 - testing
2024-06-01 08:28:46 DEBUG BrowserUtil.getDriver():21 - Browser value is null. Hence launching Firefix as default browser
2024-06-01 08:28:57 DEBUG BrowserUtil.getDriver():19 - testing
2024-06-01 08:28:57 DEBUG BrowserUtil.getDriver():21 - Browser value is null. Hence launching Firefix as default browser
2024-06-01 08:29:08 DEBUG BrowserUtil.getDriver():19 - testing
2024-06-01 08:29:08 DEBUG BrowserUtil.getDriver():21 - Browser value is null. Hence launching Firefix as default browser
2024-06-01 08:29:20 DEBUG BrowserUtil.getDriver():19 - testing
2024-06-01 08:29:20 DEBUG BrowserUtil.getDriver():21 - Browser value is null. Hence launching Firefix as default browser
2024-06-01 08:32:31 DEBUG BrowserUtil.getDriver():19 - testing
2024-06-01 08:32:31 DEBUG BrowserUtil.getDriver():21 - Browser value is null. Hence launching Firefix as default browser
2024-06-01 08:32:41 DEBUG BrowserUtil.getDriver():19 - testing
2024-06-01 08:32:41 DEBUG BrowserUtil.getDriver():21 - Browser value is null. Hence launching Firefix as default browser
2024-06-01 08:34:45 DEBUG BrowserUtil.getDriver():19 - testing
2024-06-01 08:34:45 DEBUG BrowserUtil.getDriver():21 - Browser value is null. Hence launching Firefix as default browser
2024-06-01 08:36:11 DEBUG BrowserUtil.getDriver():19 - testing
2024-06-01 08:36:11 DEBUG BrowserUtil.getDriver():21 - Browser value is null. Hence launching Firefix as default browser
2024-06-01 08:42:07 DEBUG BrowserUtil.getDriver():19 - testing
2024-06-01 08:42:07 DEBUG BrowserUtil.getDriver():21 - Browser value is null. Hence launching Firefix as default browser
2024-06-01 08:43:53 DEBUG BrowserUtil.getDriver():19 - testing
2024-06-01 08:43:53 DEBUG BrowserUtil.getDriver():21 - Browser value is null. Hence launching Firefix as default browser
2024-06-01 08:44:55 DEBUG BrowserUtil.getDriver():19 - testing
2024-06-01 08:44:55 DEBUG BrowserUtil.getDriver():21 - Browser value is null. Hence launching Firefix as default browser
2024-06-01 08:45:43 DEBUG BrowserUtil.getDriver():19 - testing
2024-06-01 08:45:43 DEBUG BrowserUtil.getDriver():21 - Browser value is null. Hence launching Firefix as default browser
2024-06-01 08:45:54 DEBUG BrowserUtil.getDriver():19 - testing
2024-06-01 08:45:54 DEBUG BrowserUtil.getDriver():21 - Browser value is null. Hence launching Firefix as default browser
2024-06-01 08:46:04 DEBUG BrowserUtil.getDriver():19 - testing
2024-06-01 08:46:04 DEBUG BrowserUtil.getDriver():21 - Browser value is null. Hence launching Firefix as default browser
2024-06-01 08:46:15 DEBUG BrowserUtil.getDriver():19 - testing
2024-06-01 08:46:15 DEBUG BrowserUtil.getDriver():21 - Browser value is null. Hence launching Firefix as default browser
2024-06-01 08:49:00 DEBUG BrowserUtil.getDriver():19 - testing
2024-06-01 08:49:00 DEBUG BrowserUtil.getDriver():21 - Browser value is null. Hence launching Firefix as default browser
2024-06-01 08:55:18 DEBUG BrowserUtil.getDriver():19 - testing
2024-06-01 08:55:18 DEBUG BrowserUtil.getDriver():21 - Browser value is null. Hence launching Firefix as default browser
2024-06-01 08:55:28 DEBUG BrowserUtil.getDriver():19 - testing
2024-06-01 08:55:28 DEBUG BrowserUtil.getDriver():21 - Browser value is null. Hence launching Firefix as default browser
2024-06-01 08:55:36 DEBUG BrowserUtil.getDriver():19 - testing
2024-06-01 08:55:36 DEBUG BrowserUtil.getDriver():21 - Browser value is null. Hence launching Firefix as default browser
2024-06-01 08:55:45 DEBUG BrowserUtil.getDriver():19 - testing
2024-06-01 08:55:45 DEBUG BrowserUtil.getDriver():21 - Browser value is null. Hence launching Firefix as default browser
2024-06-01 08:55:54 DEBUG BrowserUtil.getDriver():19 - testing
2024-06-01 08:55:54 DEBUG BrowserUtil.getDriver():21 - Browser value is null. Hence launching Firefix as default browser
2024-06-16 21:02:17 DEBUG BrowserUtil.getDriver():19 - testing
2024-06-16 21:02:17 DEBUG BrowserUtil.getDriver():21 - Browser value is null. Hence launching Firefix as default browser
2024-06-16 21:11:57 DEBUG BrowserUtil.getDriver():19 - testing
2024-06-16 21:11:57 DEBUG BrowserUtil.getDriver():21 - Browser value is null. Hence launching Firefix as default browser
2024-06-16 21:12:25 DEBUG BrowserUtil.getDriver():19 - testing
2024-06-16 21:12:25 DEBUG BrowserUtil.getDriver():21 - Browser value is null. Hence launching Firefix as default browser
2024-06-16 22:45:45 DEBUG BrowserUtil.getDriver():19 - testing
2024-06-16 22:45:45 DEBUG BrowserUtil.getDriver():21 - Browser value is null. Hence launching Firefix as default browser
2024-06-16 23:06:47 DEBUG BrowserUtil.getDriver():19 - testing
2024-06-16 23:06:47 DEBUG BrowserUtil.getDriver():21 - Browser value is null. Hence launching Firefix as default browser
2024-06-16 23:16:14 DEBUG BrowserUtil.getDriver():19 - testing
2024-06-16 23:16:14 DEBUG BrowserUtil.getDriver():21 - Browser value is null. Hence launching Firefix as default browser
2024-06-16 23:21:34 DEBUG BrowserUtil.getDriver():19 - testing
2024-06-16 23:21:34 DEBUG BrowserUtil.getDriver():21 - Browser value is null. Hence launching Firefox as default browser
2024-06-17 11:52:11 DEBUG BrowserUtil.getDriver():19 - testing
2024-06-17 11:52:11 DEBUG BrowserUtil.getDriver():21 - Browser value is null. Hence launching Firefox as default browser
2024-06-17 11:52:45 DEBUG BrowserUtil.getDriver():19 - testing
2024-06-17 11:52:45 DEBUG BrowserUtil.getDriver():21 - Browser value is null. Hence launching Firefox as default browser
2024-06-17 12:01:17 DEBUG LoggerExampleUsingLog4J.main():14 - Debug message
2024-06-17 12:01:17 INFO LoggerExampleUsingLog4J.main():15 - Information message
2024-06-17 12:01:17 WARN LoggerExampleUsingLog4J.main():16 - Warning message
2024-06-17 12:01:17 ERROR LoggerExampleUsingLog4J.main():17 - Error occurred
2024-06-17 12:01:17 FATAL LoggerExampleUsingLog4J.main():18 - Fatal error occurred
2024-06-17 12:04:43 DEBUG BrowserUtil.getDriver():19 - testing
2024-06-17 12:04:43 DEBUG BrowserUtil.getDriver():21 - Browser value is null. Hence launching Firefox as default browser
2024-06-17 12:11:47 DEBUG BrowserUtil.getDriver():19 - testing
2024-06-17 12:11:47 DEBUG BrowserUtil.getDriver():21 - Browser value is null. Hence launching Firefox as default browser
2024-06-17 12:35:38 DEBUG BrowserUtil.getDriver():19 - testing
2024-06-17 12:35:38 DEBUG BrowserUtil.getDriver():21 - Browser value is null. Hence launching Firefox as default browser
2024-06-17 13:39:33 DEBUG BrowserUtil.getDriver():19 - testing
2024-06-17 13:39:33 DEBUG BrowserUtil.getDriver():21 - Browser value is null. Hence launching Firefox as default browser
2024-06-17 13:44:40 DEBUG BrowserUtil.getDriver():19 - testing
2024-06-17 13:44:40 DEBUG BrowserUtil.getDriver():21 - Browser value is null. Hence launching Firefox as default browser
2024-06-17 21:09:22 DEBUG BrowserUtil.getDriver():19 - testing
2024-06-17 21:09:22 DEBUG BrowserUtil.getDriver():21 - Browser value is null. Hence launching Firefox as default browser
2024-06-17 21:10:36 DEBUG LoggerExampleUsingLog4J.main():14 - Debug message
2024-06-17 21:10:36 INFO LoggerExampleUsingLog4J.main():15 - Information message
2024-06-17 21:10:36 WARN LoggerExampleUsingLog4J.main():16 - Warning message
2024-06-17 21:10:36 ERROR LoggerExampleUsingLog4J.main():17 - Error occurred
2024-06-17 21:10:36 FATAL LoggerExampleUsingLog4J.main():18 - Fatal error occurred
2024-06-17 21:37:15 DEBUG BrowserUtil.getDriver():19 - testing
2024-06-17 21:37:15 DEBUG BrowserUtil.getDriver():21 - Browser value is null. Hence launching Firefox as default browser
2024-06-17 21:37:49 DEBUG BrowserUtil.getDriver():19 - testing
2024-06-17 21:37:49 DEBUG BrowserUtil.getDriver():21 - Browser value is null. Hence launching Firefox as default browser
2024-06-17 21:38:44 DEBUG BrowserUtil.getDriver():19 - testing
2024-06-17 21:38:44 DEBUG BrowserUtil.getDriver():21 - Browser value is null. Hence launching Firefox as default browser
2024-06-17 21:39:19 DEBUG BrowserUtil.getDriver():19 - testing
2024-06-17 21:39:19 DEBUG BrowserUtil.getDriver():21 - Browser value is null. Hence launching Firefox as default browser
2024-06-17 21:44:25 DEBUG BrowserUtil.getDriver():19 - testing
2024-06-17 21:44:25 DEBUG BrowserUtil.getDriver():21 - Browser value is null. Hence launching Firefox as default browser
2024-06-17 21:53:11 DEBUG BrowserUtil.getDriver():19 - testing
2024-06-17 21:53:11 DEBUG BrowserUtil.getDriver():21 - Browser value is null. Hence launching Firefox as default browser
2024-06-17 22:04:48 DEBUG BrowserUtil.getDriver():19 - testing
2024-06-17 22:04:48 DEBUG BrowserUtil.getDriver():21 - Browser value is null. Hence launching Firefox as default browser
2024-06-17 22:05:22 DEBUG BrowserUtil.getDriver():19 - testing
2024-06-17 22:05:22 DEBUG BrowserUtil.getDriver():21 - Browser value is null. Hence launching Firefox as default browser
2024-06-17 22:06:16 DEBUG BrowserUtil.getDriver():19 - testing
2024-06-17 22:06:16 DEBUG BrowserUtil.getDriver():21 - Browser value is null. Hence launching Firefox as default browser
2024-06-17 22:08:31 DEBUG BrowserUtil.getDriver():19 - testing
2024-06-17 22:08:31 DEBUG BrowserUtil.getDriver():21 - Browser value is null. Hence launching Firefox as default browser
2024-06-17 22:09:10 DEBUG BrowserUtil.getDriver():19 - testing
2024-06-17 22:09:10 DEBUG BrowserUtil.getDriver():21 - Browser value is null. Hence launching Firefox as default browser
2024-06-17 22:14:31 DEBUG BrowserUtil.getDriver():19 - testing
2024-06-17 22:14:31 DEBUG BrowserUtil.getDriver():21 - Browser value is null. Hence launching Firefox as default browser
2024-06-17 22:16:28 DEBUG BrowserUtil.getDriver():19 - testing
2024-06-17 22:16:28 DEBUG BrowserUtil.getDriver():21 - Browser value is null. Hence launching Firefox as default browser
2024-06-17 22:17:03 DEBUG BrowserUtil.getDriver():19 - testing
2024-06-17 22:17:03 DEBUG BrowserUtil.getDriver():21 - Browser value is null. Hence launching Firefox as default browser
2024-06-17 22:25:18 DEBUG BrowserUtil.getDriver():19 - testing
2024-06-17 22:25:18 DEBUG BrowserUtil.getDriver():21 - Browser value is null. Hence launching Firefox as default browser
2024-06-17 22:35:39 DEBUG BrowserUtil.getDriver():19 - testing
2024-06-17 22:35:39 DEBUG BrowserUtil.getDriver():21 - Browser value is null. Hence launching Firefox as default browser
2024-06-17 22:41:23 DEBUG BrowserUtil.getDriver():19 - testing
2024-06-17 22:41:23 DEBUG BrowserUtil.getDriver():21 - Browser value is null. Hence launching Firefox as default browser
2024-06-17 22:57:09 DEBUG BrowserUtil.getDriver():19 - testing
2024-06-17 22:57:09 DEBUG BrowserUtil.getDriver():21 - Browser value is null. Hence launching Firefox as default browser
2024-06-17 23:01:35 DEBUG BrowserUtil.getDriver():19 - testing
2024-06-17 23:01:35 DEBUG BrowserUtil.getDriver():21 - Browser value is null. Hence launching Firefox as default browser
2024-06-17 23:07:59 DEBUG BrowserUtil.getDriver():19 - testing
2024-06-17 23:07:59 DEBUG BrowserUtil.getDriver():21 - Browser value is null. Hence launching Firefox as default browser
2024-06-17 23:15:34 DEBUG BrowserUtil.getDriver():19 - testing
2024-06-17 23:15:34 DEBUG BrowserUtil.getDriver():21 - Browser value is null. Hence launching Firefox as default browser
2024-06-17 23:23:41 DEBUG BrowserUtil.getDriver():19 - testing
2024-06-17 23:23:41 DEBUG BrowserUtil.getDriver():21 - Browser value is null. Hence launching Firefox as default browser
2024-06-17 23:26:04 DEBUG BrowserUtil.getDriver():19 - testing
2024-06-17 23:26:04 DEBUG BrowserUtil.getDriver():21 - Browser value is null. Hence launching Firefox as default browser
2024-06-18 14:13:40 DEBUG BrowserUtil.getDriver():19 - testing
2024-06-18 14:13:40 DEBUG BrowserUtil.getDriver():21 - Browser value is null. Hence launching Firefox as default browser
2024-06-18 14:15:46 DEBUG BrowserUtil.getDriver():19 - testing
2024-06-18 14:15:46 DEBUG BrowserUtil.getDriver():21 - Browser value is null. Hence launching Firefox as default browser
2024-06-18 14:16:13 DEBUG BrowserUtil.getDriver():19 - testing
2024-06-18 14:16:13 DEBUG BrowserUtil.getDriver():21 - Browser value is null. Hence launching Firefox as default browser
2024-06-18 14:16:40 DEBUG BrowserUtil.getDriver():19 - testing
2024-06-18 14:16:40 DEBUG BrowserUtil.getDriver():21 - Browser value is null. Hence launching Firefox as default browser
2024-06-18 14:17:06 DEBUG BrowserUtil.getDriver():19 - testing
2024-06-18 14:17:06 DEBUG BrowserUtil.getDriver():21 - Browser value is null. Hence launching Firefox as default browser
2024-06-18 15:24:48 DEBUG BrowserUtil.getDriver():19 - testing
2024-06-18 15:24:48 DEBUG BrowserUtil.getDriver():21 - Browser value is null. Hence launching Firefox as default browser
2024-06-18 15:25:17 DEBUG BrowserUtil.getDriver():19 - testing
2024-06-18 15:25:17 DEBUG BrowserUtil.getDriver():21 - Browser value is null. Hence launching Firefox as default browser
2024-06-18 15:25:44 DEBUG BrowserUtil.getDriver():19 - testing
2024-06-18 15:25:44 DEBUG BrowserUtil.getDriver():21 - Browser value is null. Hence launching Firefox as default browser
2024-06-18 15:26:12 DEBUG BrowserUtil.getDriver():19 - testing
2024-06-18 15:26:12 DEBUG BrowserUtil.getDriver():21 - Browser value is null. Hence launching Firefox as default browser
2024-06-18 15:27:03 DEBUG BrowserUtil.getDriver():19 - testing
2024-06-18 15:27:03 DEBUG BrowserUtil.getDriver():21 - Browser value is null. Hence launching Firefox as default browser
2024-06-18 15:33:58 DEBUG BrowserUtil.getDriver():19 - testing
2024-06-18 15:33:58 DEBUG BrowserUtil.getDriver():21 - Browser value is null. Hence launching Firefox as default browser
2024-06-18 15:34:40 DEBUG BrowserUtil.getDriver():19 - testing
2024-06-18 15:34:40 DEBUG BrowserUtil.getDriver():21 - Browser value is null. Hence launching Firefox as default browser
2024-06-18 16:01:03 DEBUG BrowserUtil.getDriver():19 - testing
2024-06-18 16:01:03 DEBUG BrowserUtil.getDriver():21 - Browser value is null. Hence launching Firefox as default browser
2024-06-18 16:01:36 DEBUG BrowserUtil.getDriver():19 - testing
2024-06-18 16:01:36 DEBUG BrowserUtil.getDriver():21 - Browser value is null. Hence launching Firefox as default browser
2024-06-18 16:04:46 DEBUG BrowserUtil.getDriver():19 - testing
2024-06-18 16:04:46 DEBUG BrowserUtil.getDriver():21 - Browser value is null. Hence launching Firefox as default browser
2024-06-20 11:03:46 DEBUG BrowserUtil.getDriver():19 - testing
2024-06-20 11:03:46 DEBUG BrowserUtil.getDriver():21 - Browser value is null. Hence launching Firefox as default browser
2024-06-20 11:07:05 DEBUG BrowserUtil.getDriver():19 - testing
2024-06-20 11:07:05 DEBUG BrowserUtil.getDriver():21 - Browser value is null. Hence launching Firefox as default browser
2024-06-20 11:09:35 DEBUG BrowserUtil.getDriver():19 - testing
2024-06-20 11:09:35 DEBUG BrowserUtil.getDriver():21 - Browser value is null. Hence launching Firefox as default browser
2024-06-20 11:39:31 DEBUG BrowserUtil.getDriver():19 - testing
2024-06-20 11:39:31 DEBUG BrowserUtil.getDriver():21 - Browser value is null. Hence launching Firefox as default browser
2024-06-20 11:42:57 DEBUG BrowserUtil.getDriver():19 - testing
2024-06-20 11:42:57 DEBUG BrowserUtil.getDriver():21 - Browser value is null. Hence launching Firefox as default browser
2024-06-20 11:44:31 DEBUG BrowserUtil.getDriver():19 - testing
2024-06-20 11:44:31 DEBUG BrowserUtil.getDriver():21 - Browser value is null. Hence launching Firefox as default browser
2024-06-20 11:47:52 DEBUG BrowserUtil.getDriver():19 - testing
2024-06-20 11:47:52 DEBUG BrowserUtil.getDriver():21 - Browser value is null. Hence launching Firefox as default browser
2024-06-20 11:50:52 DEBUG BrowserUtil.getDriver():19 - testing
2024-06-20 11:50:52 DEBUG BrowserUtil.getDriver():21 - Browser value is null. Hence launching Firefox as default browser
2024-06-20 12:21:15 DEBUG BrowserUtil.getDriver():19 - testing
2024-06-20 12:21:15 DEBUG BrowserUtil.getDriver():21 - Browser value is null. Hence launching Firefox as default browser
2024-06-20 12:22:54 DEBUG BrowserUtil.getDriver():19 - testing
2024-06-20 12:22:54 DEBUG BrowserUtil.getDriver():21 - Browser value is null. Hence launching Firefox as default browser
2024-06-20 12:58:57 DEBUG BrowserUtil.getDriver():19 - testing
2024-06-20 12:58:57 DEBUG BrowserUtil.getDriver():21 - Browser value is null. Hence launching Firefox as default browser
2024-06-20 13:00:11 DEBUG BrowserUtil.getDriver():19 - testing
2024-06-20 13:00:11 DEBUG BrowserUtil.getDriver():21 - Browser value is null. Hence launching Firefox as default browser
2024-06-20 13:01:48 DEBUG BrowserUtil.getDriver():19 - testing
2024-06-20 13:01:48 DEBUG BrowserUtil.getDriver():21 - Browser value is null. Hence launching Firefox as default browser
2024-06-20 13:32:49 DEBUG BrowserUtil.getDriver():19 - testing
2024-06-20 13:32:49 DEBUG BrowserUtil.getDriver():21 - Browser value is null. Hence launching Firefox as default browser
2024-06-20 13:35:10 DEBUG BrowserUtil.getDriver():19 - testing
2024-06-20 13:35:10 DEBUG BrowserUtil.getDriver():21 - Browser value is null. Hence launching Firefox as default browser
2024-06-20 13:36:20 DEBUG BrowserUtil.getDriver():19 - testing
2024-06-20 13:36:20 DEBUG BrowserUtil.getDriver():21 - Browser value is null. Hence launching Firefox as default browser
2024-06-20 13:39:41 DEBUG BrowserUtil.getDriver():19 - testing
2024-06-20 13:39:41 DEBUG BrowserUtil.getDriver():21 - Browser value is null. Hence launching Firefox as default browser
2024-06-20 13:42:40 DEBUG BrowserUtil.getDriver():19 - testing
2024-06-20 13:42:40 DEBUG BrowserUtil.getDriver():21 - Browser value is null. Hence launching Firefox as default browser
2024-06-20 13:49:50 DEBUG BrowserUtil.getDriver():19 - testing
2024-06-20 13:49:50 DEBUG BrowserUtil.getDriver():21 - Browser value is null. Hence launching Firefox as default browser
2024-06-20 14:00:04 DEBUG BrowserUtil.getDriver():19 - testing
2024-06-20 14:00:04 DEBUG BrowserUtil.getDriver():21 - Browser value is null. Hence launching Firefox as default browser
2024-06-20 14:07:56 DEBUG BrowserUtil.getDriver():19 - testing
2024-06-20 14:07:56 DEBUG BrowserUtil.getDriver():21 - Browser value is null. Hence launching Firefox as default browser
2024-06-20 14:55:00 DEBUG BrowserUtil.getDriver():19 - testing
2024-06-20 14:55:00 DEBUG BrowserUtil.getDriver():21 - Browser value is null. Hence launching Firefox as default browser
2024-06-20 14:56:29 DEBUG BrowserUtil.getDriver():19 - testing
2024-06-20 14:56:29 DEBUG BrowserUtil.getDriver():21 - Browser value is null. Hence launching Firefox as default browser
2024-06-20 15:04:05 DEBUG BrowserUtil.getDriver():19 - testing
2024-06-20 15:04:05 DEBUG BrowserUtil.getDriver():21 - Browser value is null. Hence launching Firefox as default browser
2024-06-20 15:09:49 DEBUG BrowserUtil.getDriver():19 - testing
2024-06-20 15:09:49 DEBUG BrowserUtil.getDriver():21 - Browser value is null. Hence launching Firefox as default browser
2024-06-20 15:10:18 DEBUG BrowserUtil.getDriver():19 - testing
2024-06-20 15:10:18 DEBUG BrowserUtil.getDriver():21 - Browser value is null. Hence launching Firefox as default browser
2024-06-20 15:10:47 DEBUG BrowserUtil.getDriver():19 - testing
2024-06-20 15:10:47 DEBUG BrowserUtil.getDriver():21 - Browser value is null. Hence launching Firefox as default browser
2024-06-20 15:18:22 DEBUG BrowserUtil.getDriver():19 - testing
2024-06-20 15:18:22 DEBUG BrowserUtil.getDriver():21 - Browser value is null. Hence launching Firefox as default browser
2024-06-20 15:18:55 DEBUG BrowserUtil.getDriver():19 - testing
2024-06-20 15:18:55 DEBUG BrowserUtil.getDriver():21 - Browser value is null. Hence launching Firefox as default browser
2024-06-20 15:21:16 DEBUG BrowserUtil.getDriver():19 - testing
2024-06-20 15:21:16 DEBUG BrowserUtil.getDriver():21 - Browser value is null. Hence launching Firefox as default browser
